<?xml version="1.0" encoding="UTF-8" ?>
<testsuite tests="16" failures="0" name="com.cucumber.MavenCucumberPrototype.RunnerTest" time="2.349" errors="0" skipped="0">
  <properties>
    <property name="java.runtime.name" value="Java(TM) SE Runtime Environment"/>
    <property name="sun.boot.library.path" value="C:\Program Files\Java\jre1.8.0_144\bin"/>
    <property name="java.vm.version" value="25.144-b01"/>
    <property name="java.vm.vendor" value="Oracle Corporation"/>
    <property name="maven.multiModuleProjectDirectory" value="C:\Users\imran\workspace8\MavenCucumberPrototype"/>
    <property name="java.vendor.url" value="http://java.oracle.com/"/>
    <property name="path.separator" value=";"/>
    <property name="guice.disable.misplaced.annotation.check" value="true"/>
    <property name="java.vm.name" value="Java HotSpot(TM) 64-Bit Server VM"/>
    <property name="file.encoding.pkg" value="sun.io"/>
    <property name="user.script" value=""/>
    <property name="user.country" value="US"/>
    <property name="sun.java.launcher" value="SUN_STANDARD"/>
    <property name="sun.os.patch.level" value=""/>
    <property name="java.vm.specification.name" value="Java Virtual Machine Specification"/>
    <property name="user.dir" value="C:\Users\imran\workspace8\MavenCucumberPrototype"/>
    <property name="java.runtime.version" value="1.8.0_144-b01"/>
    <property name="java.awt.graphicsenv" value="sun.awt.Win32GraphicsEnvironment"/>
    <property name="java.endorsed.dirs" value="C:\Program Files\Java\jre1.8.0_144\lib\endorsed"/>
    <property name="os.arch" value="amd64"/>
    <property name="java.io.tmpdir" value="C:\Users\imran\AppData\Local\Temp\"/>
    <property name="line.separator" value="
"/>
    <property name="java.vm.specification.vendor" value="Oracle Corporation"/>
    <property name="user.variant" value=""/>
    <property name="os.name" value="Windows 10"/>
    <property name="classworlds.conf" value="C:\Users\imran\workspace8\.metadata\.plugins\org.eclipse.m2e.launching\launches\m2conf9044158575127731943.tmp"/>
    <property name="sun.jnu.encoding" value="Cp1252"/>
    <property name="java.library.path" value="C:\Program Files\Java\jre1.8.0_144\bin;C:\WINDOWS\Sun\Java\bin;C:\WINDOWS\system32;C:\WINDOWS;C:/Program Files/Java/jre1.8.0_144/bin/server;C:/Program Files/Java/jre1.8.0_144/bin;C:/Program Files/Java/jre1.8.0_144/lib/amd64;C:\ProgramData\Oracle\Java\javapath;C:\Program Files (x86)\Intel\iCLS Client\;C:\Program Files\Intel\iCLS Client\;C:\WINDOWS\system32;C:\WINDOWS;C:\WINDOWS\System32\Wbem;C:\WINDOWS\System32\WindowsPowerShell\v1.0\;C:\Program Files (x86)\Intel\Intel(R) Management Engine Components\DAL;C:\Program Files\Intel\Intel(R) Management Engine Components\DAL;C:\Program Files (x86)\Intel\Intel(R) Management Engine Components\IPT;C:\Program Files\Intel\Intel(R) Management Engine Components\IPT;C:\ProgramData\Oracle\Java\javapath;C:\Program Files (x86)\Intel\iCLS Client\;C:\Program Files\Intel\iCLS Client\;C:\WINDOWS\system32;C:\WINDOWS;C:\WINDOWS\System32\Wbem;C:\WINDOWS\System32\WindowsPowerShell\v1.0\;C:\Program Files (x86)\Intel\Intel(R) Management Engine Components\DAL;C:\Program Files\Intel\Intel(R) Management Engine Components\DAL;C:\Program Files (x86)\Intel\Intel(R) Management Engine Components\IPT;C:\Program Files\Intel\Intel(R) Management Engine Components\IPT;C:\ProgramData\Oracle\Java\javapath;C:\Program Files (x86)\Intel\iCLS Client\;C:\Program Files\Intel\iCLS Client\;C:\WINDOWS\system32;C:\WINDOWS;C:\WINDOWS\System32\Wbem;C:\WINDOWS\System32\WindowsPowerShell\v1.0\;C:\Program Files (x86)\Intel\Intel(R) Management Engine Components\DAL;C:\Program Files\Intel\Intel(R) Management Engine Components\DAL;C:\Program Files (x86)\Intel\Intel(R) Management Engine Components\IPT;C:\Program Files\Intel\Intel(R) Management Engine Components\IPT;C:\WINDOWS\System32;%M2_HOME%\bin;C:\Program Files\Intel\WiFi\bin\;C:\Program Files\Common Files\Intel\WirelessCommon\;C:\Program Files (x86)\Skype\Phone\;C:\Users\imran\workspace\Apache Software Foundation\apache-maven-3.3.9-bin\apache-maven-3.3.9;;C:\Users\imran\workspace\Apache Software Foundation\apache-maven-3.3.9-bin\apache-maven-3.3.9\bin;C:\Program Files\Intel\WiFi\bin\;C:\Program Files\Common Files\Intel\WirelessCommon\;C:\Program Files (x86)\Skype\Phone\;C:\Users\imran\workspace\Apache Software Foundation\apache-maven-3.3.9-bin\apache-maven-3.3.9;;C:\Users\imran\workspace\Apache Software Foundation\apache-maven-3.3.9-bin\apache-maven-3.3.9\bin;C:\Program Files\Intel\WiFi\bin\;C:\Program Files\Common Files\Intel\WirelessCommon\;C:\Program Files (x86)\Skype\Phone\;C:\Users\imran\workspace\Apache Software Foundation\apache-maven-3.3.9-bin\apache-maven-3.3.9;C:\Program Files\Java\jdk1.8.0_144\bin;%USERPROFILE%\AppData\Local\Microsoft\WindowsApps;;C:\eclipse;;."/>
    <property name="java.specification.name" value="Java Platform API Specification"/>
    <property name="java.class.version" value="52.0"/>
    <property name="sun.management.compiler" value="HotSpot 64-Bit Tiered Compilers"/>
    <property name="os.version" value="10.0"/>
    <property name="user.home" value="C:\Users\imran"/>
    <property name="user.timezone" value="America/New_York"/>
    <property name="java.awt.printerjob" value="sun.awt.windows.WPrinterJob"/>
    <property name="java.specification.version" value="1.8"/>
    <property name="file.encoding" value="Cp1252"/>
    <property name="user.name" value="imran"/>
    <property name="java.class.path" value="/C:/eclipse/plugins/org.eclipse.m2e.maven.runtime_1.6.2.20150902-0001/jars/plexus-classworlds-2.5.2.jar"/>
    <property name="java.vm.specification.version" value="1.8"/>
    <property name="sun.arch.data.model" value="64"/>
    <property name="java.home" value="C:\Program Files\Java\jre1.8.0_144"/>
    <property name="sun.java.command" value="org.codehaus.plexus.classworlds.launcher.Launcher -B test"/>
    <property name="java.specification.vendor" value="Oracle Corporation"/>
    <property name="user.language" value="en"/>
    <property name="awt.toolkit" value="sun.awt.windows.WToolkit"/>
    <property name="java.vm.info" value="mixed mode"/>
    <property name="java.version" value="1.8.0_144"/>
    <property name="java.ext.dirs" value="C:\Program Files\Java\jre1.8.0_144\lib\ext;C:\WINDOWS\Sun\Java\lib\ext"/>
    <property name="sun.boot.class.path" value="C:\Program Files\Java\jre1.8.0_144\lib\resources.jar;C:\Program Files\Java\jre1.8.0_144\lib\rt.jar;C:\Program Files\Java\jre1.8.0_144\lib\sunrsasign.jar;C:\Program Files\Java\jre1.8.0_144\lib\jsse.jar;C:\Program Files\Java\jre1.8.0_144\lib\jce.jar;C:\Program Files\Java\jre1.8.0_144\lib\charsets.jar;C:\Program Files\Java\jre1.8.0_144\lib\jfr.jar;C:\Program Files\Java\jre1.8.0_144\classes"/>
    <property name="java.vendor" value="Oracle Corporation"/>
    <property name="maven.home" value="C:\Users\imran\workspace8\MavenCucumberPrototype\EMBEDDED"/>
    <property name="file.separator" value="\"/>
    <property name="java.vendor.url.bug" value="http://bugreport.sun.com/bugreport/"/>
    <property name="sun.cpu.endian" value="little"/>
    <property name="sun.io.unicode.encoding" value="UnicodeLittle"/>
    <property name="sun.desktop" value="windows"/>
    <property name="sun.cpu.isalist" value="amd64"/>
  </properties>
  <testcase classname="| &quot;200000&quot; | &quot;100000&quot; | &quot;4&quot; | &quot;30&quot; | &quot;4.5&quot; | &quot;1.26&quot; | &quot;1500&quot; | &quot;$1,352.42&quot; |" name="Given Open Browser MC - &quot;CHROME&quot;" time="0.007"/>
  <testcase classname="| &quot;200000&quot; | &quot;100000&quot; | &quot;4&quot; | &quot;30&quot; | &quot;4.5&quot; | &quot;1.26&quot; | &quot;1500&quot; | &quot;$1,352.42&quot; |" name="Then Enter &quot;200000&quot; &quot;100000&quot; &quot;4&quot; &quot;30&quot; &quot;4.5&quot; &quot;1.26&quot; &quot;1500&quot; in the calculator and click on calculate button" time="0"/>
  <testcase classname="| &quot;200000&quot; | &quot;100000&quot; | &quot;4&quot; | &quot;30&quot; | &quot;4.5&quot; | &quot;1.26&quot; | &quot;1500&quot; | &quot;$1,352.42&quot; |" name="And Check &quot;$1,352.42&quot; with Actual Payment" time="0"/>
  <testcase classname="| &quot;200000&quot; | &quot;100000&quot; | &quot;4&quot; | &quot;30&quot; | &quot;4.5&quot; | &quot;1.26&quot; | &quot;1500&quot; | &quot;$1,352.42&quot; |" name="| &quot;200000&quot; | &quot;100000&quot; | &quot;4&quot; | &quot;30&quot; | &quot;4.5&quot; | &quot;1.26&quot; | &quot;1500&quot; | &quot;$1,352.42&quot; |" time="0.563"/>
  <testcase classname="| &quot;200000&quot; | &quot;100000&quot; | &quot;5&quot; | &quot;15&quot; | &quot;4.7&quot; | &quot;1.26&quot; | &quot;1500&quot; | &quot;$1,699.13&quot; |" name="Given Open Browser MC - &quot;CHROME&quot;" time="0"/>
  <testcase classname="| &quot;200000&quot; | &quot;100000&quot; | &quot;5&quot; | &quot;15&quot; | &quot;4.7&quot; | &quot;1.26&quot; | &quot;1500&quot; | &quot;$1,699.13&quot; |" name="Then Enter &quot;200000&quot; &quot;100000&quot; &quot;5&quot; &quot;15&quot; &quot;4.7&quot; &quot;1.26&quot; &quot;1500&quot; in the calculator and click on calculate button" time="0"/>
  <testcase classname="| &quot;200000&quot; | &quot;100000&quot; | &quot;5&quot; | &quot;15&quot; | &quot;4.7&quot; | &quot;1.26&quot; | &quot;1500&quot; | &quot;$1,699.13&quot; |" name="And Check &quot;$1,699.13&quot; with Actual Payment" time="0"/>
  <testcase classname="| &quot;200000&quot; | &quot;100000&quot; | &quot;5&quot; | &quot;15&quot; | &quot;4.7&quot; | &quot;1.26&quot; | &quot;1500&quot; | &quot;$1,699.13&quot; |" name="| &quot;200000&quot; | &quot;100000&quot; | &quot;5&quot; | &quot;15&quot; | &quot;4.7&quot; | &quot;1.26&quot; | &quot;1500&quot; | &quot;$1,699.13&quot; |" time="0.556"/>
  <testcase classname="| &quot;200000&quot; | &quot;100000&quot; | &quot;3&quot; | &quot;10&quot; | &quot;4.0&quot; | &quot;1.26&quot; | &quot;1500&quot; | &quot;$1,757.27&quot; |" name="Given Open Browser MC - &quot;CHROME&quot;" time="0"/>
  <testcase classname="| &quot;200000&quot; | &quot;100000&quot; | &quot;3&quot; | &quot;10&quot; | &quot;4.0&quot; | &quot;1.26&quot; | &quot;1500&quot; | &quot;$1,757.27&quot; |" name="Then Enter &quot;200000&quot; &quot;100000&quot; &quot;3&quot; &quot;10&quot; &quot;4.0&quot; &quot;1.26&quot; &quot;1500&quot; in the calculator and click on calculate button" time="0"/>
  <testcase classname="| &quot;200000&quot; | &quot;100000&quot; | &quot;3&quot; | &quot;10&quot; | &quot;4.0&quot; | &quot;1.26&quot; | &quot;1500&quot; | &quot;$1,757.27&quot; |" name="And Check &quot;$1,757.27&quot; with Actual Payment" time="0"/>
  <testcase classname="| &quot;200000&quot; | &quot;100000&quot; | &quot;3&quot; | &quot;10&quot; | &quot;4.0&quot; | &quot;1.26&quot; | &quot;1500&quot; | &quot;$1,757.27&quot; |" name="| &quot;200000&quot; | &quot;100000&quot; | &quot;3&quot; | &quot;10&quot; | &quot;4.0&quot; | &quot;1.26&quot; | &quot;1500&quot; | &quot;$1,757.27&quot; |" time="0.715"/>
  <testcase classname="Scenario: Love you" name="Given this is my first dummy given step" time="0.001"/>
  <testcase classname="Scenario: Love you" name="When this is my first dummy when step" time="0"/>
  <testcase classname="Scenario: Love you" name="Then this is first dummy then step" time="0.001"/>
  <testcase classname="Scenario: Love you" name="Scenario: Love you" time="0.506"/>
</testsuite>